<?xml version="1.0" encoding="UTF-8"?>
<testsuite xmlns:xsi="http://www.w3.org/2001/XMLSchema-instance" xsi:noNamespaceSchemaLocation="https://maven.apache.org/surefire/maven-surefire-plugin/xsd/surefire-test-report.xsd" name="RadioServiceTest" time="0.117" tests="21" errors="0" skipped="0" failures="0">
  <properties>
[...]
</properties>
  <testcase name="reducingVolume" classname="RadioServiceTest" time="0.07"/>
  <testcase name="reducingVolume0" classname="RadioServiceTest" time="0"/>
  <testcase name="nextStationLess" classname="RadioServiceTest" time="0"/>
  <testcase name="volumeMoreInstalled" classname="RadioServiceTest" time="0"/>
  <testcase name="currentVolume100" classname="RadioServiceTest" time="0.001"/>
  <testcase name="reducingVolumeLess100" classname="RadioServiceTest" time="0"/>
  <testcase name="increaseVolumeLessMaximum" classname="RadioServiceTest" time="0.001"/>
  <testcase name="reducingVolume100" classname="RadioServiceTest" time="0"/>
  <testcase name="nextStation" classname="RadioServiceTest" time="0.001"/>
  <testcase name="volumeInTheRange" classname="RadioServiceTest" time="0"/>
  <testcase name="increaseVolumeLessMinimum" classname="RadioServiceTest" time="0"/>
  <testcase name="increaseVolume0" classname="RadioServiceTest" time="0"/>
  <testcase name="increaseVolume1" classname="RadioServiceTest" time="0"/>
  <testcase name="prevStationPrevious" classname="RadioServiceTest" time="0.001"/>
  <testcase name="increaseVolume" classname="RadioServiceTest" time="0"/>
  <testcase name="increaseVolumeMoreThanTheMaximum" classname="RadioServiceTest" time="0"/>
  <testcase name="currentVolumeLessThanTheMinimum" classname="RadioServiceTest" time="0"/>
  <testcase name="prevStation" classname="RadioServiceTest" time="0"/>
  <testcase name="currentStationLessThanTheMinimum" classname="RadioServiceTest" time="0.001"/>
  <testcase name="currentVolumeMoreThanTheMaximum" classname="RadioServiceTest" time="0"/>
  <testcase name="currentStationMoreThanTheMaximum" classname="RadioServiceTest" time="0.001"/>
</testsuite>